<?xml version="1.0" encoding="UTF-8"?>
<!-- Generated by org.testng.reporters.JUnitReportReporter -->
<testsuite hostname="John-PC" name="com.expedia.flightsbooking.TestNG_TestSuite" tests="1" failures="0" timestamp="14 Jan 2017 17:18:15 GMT" time="6.934" errors="0">
  <testcase name="fillBasicInfo" time="6.934" classname="com.expedia.flightsbooking.TestNG_TestSuite"/>
</testsuite> <!-- com.expedia.flightsbooking.TestNG_TestSuite -->
