<?xml version="1.0" encoding="UTF-8"?>
<!-- Generated by org.testng.reporters.JUnitReportReporter -->
<testsuite hostname="John-PC" name="com.expedia.flightsbooking.TestNG_Grouping" tests="4" failures="0" timestamp="14 Jan 2017 17:14:47 GMT" time="0.055" errors="0">
  <testcase name="HondaAccord" time="0.005" classname="com.expedia.flightsbooking.TestNG_Grouping"/>
  <testcase name="BMW3Series" time="0.006" classname="com.expedia.flightsbooking.TestNG_Grouping"/>
  <testcase name="AudiA6" time="0.020" classname="com.expedia.flightsbooking.TestNG_Grouping"/>
  <testcase name="BMWX3" time="0.024" classname="com.expedia.flightsbooking.TestNG_Grouping"/>
</testsuite> <!-- com.expedia.flightsbooking.TestNG_Grouping -->
