<?xml version="1.0" encoding="UTF-8"?>
<!-- Generated by org.testng.reporters.JUnitReportReporter -->
<testsuite hostname="John-PC" name="com.expedia.flightsbooking.TestNG_Grouping" tests="4" failures="0" timestamp="15 Jan 2017 16:01:46 GMT" time="0.029" errors="0">
  <testcase name="BMW3Series" time="0.026" classname="com.expedia.flightsbooking.TestNG_Grouping"/>
  <testcase name="AudiA6" time="0.001" classname="com.expedia.flightsbooking.TestNG_Grouping"/>
  <testcase name="BMWX3" time="0.001" classname="com.expedia.flightsbooking.TestNG_Grouping"/>
  <testcase name="HondaAccord" time="0.001" classname="com.expedia.flightsbooking.TestNG_Grouping"/>
</testsuite> <!-- com.expedia.flightsbooking.TestNG_Grouping -->
